0 info it worked if it ends with ok
1 verbose cli [ 'C:\\Program Files\\nodejs\\node.exe',
1 verbose cli   'C:\\Program Files\\nodejs\\node_modules\\npm\\bin\\npm-cli.js',
1 verbose cli   'i',
1 verbose cli   'plotly' ]
2 info using npm@3.10.10
3 info using node@v7.2.1
4 silly loadCurrentTree Starting
5 silly install loadCurrentTree
6 silly install readLocalPackageData
7 silly fetchPackageMetaData plotly
8 silly fetchNamedPackageData plotly
9 silly mapToRegistry name plotly
10 silly mapToRegistry using default registry
11 silly mapToRegistry registry https://registry.npmjs.org/
12 silly mapToRegistry data Result {
12 silly mapToRegistry   raw: 'plotly',
12 silly mapToRegistry   scope: null,
12 silly mapToRegistry   escapedName: 'plotly',
12 silly mapToRegistry   name: 'plotly',
12 silly mapToRegistry   rawSpec: '',
12 silly mapToRegistry   spec: 'latest',
12 silly mapToRegistry   type: 'tag' }
13 silly mapToRegistry uri https://registry.npmjs.org/plotly
14 verbose request uri https://registry.npmjs.org/plotly
15 verbose request no auth needed
16 info attempt registry request try #1 at 2:34:19 PM
17 verbose request id b55bb0ce88f12efb
18 http request GET https://registry.npmjs.org/plotly
19 http 200 https://registry.npmjs.org/plotly
20 verbose headers { date: 'Thu, 31 Jan 2019 10:34:20 GMT',
20 verbose headers   'content-type': 'application/json; charset=UTF-8',
20 verbose headers   'transfer-encoding': 'chunked',
20 verbose headers   connection: 'keep-alive',
20 verbose headers   'set-cookie': [ '__cfduid=db89c29fa8e62419e47f1c3e10a3e01691548930859; expires=Fri, 31-Jan-20 10:34:19 GMT; path=/; domain=.registry.npmjs.org; HttpOnly' ],
20 verbose headers   'cf-cache-status': 'REVALIDATED',
20 verbose headers   'cache-control': 'max-age=300',
20 verbose headers   'cf-ray': '4a1b8672e8f728e4-DXB',
20 verbose headers   etag: 'W/"39fbd3ae54fb9b9a939b41f564060eec"',
20 verbose headers   'expect-ct': 'max-age=604800, report-uri="https://report-uri.cloudflare.com/cdn-cgi/beacon/expect-ct"',
20 verbose headers   'last-modified': 'Sun, 27 May 2018 12:25:32 GMT',
20 verbose headers   vary: 'accept-encoding, accept',
20 verbose headers   server: 'cloudflare',
20 verbose headers   'content-encoding': 'gzip' }
21 silly get cb [ 200,
21 silly get   { date: 'Thu, 31 Jan 2019 10:34:20 GMT',
21 silly get     'content-type': 'application/json; charset=UTF-8',
21 silly get     'transfer-encoding': 'chunked',
21 silly get     connection: 'keep-alive',
21 silly get     'set-cookie': [ '__cfduid=db89c29fa8e62419e47f1c3e10a3e01691548930859; expires=Fri, 31-Jan-20 10:34:19 GMT; path=/; domain=.registry.npmjs.org; HttpOnly' ],
21 silly get     'cf-cache-status': 'REVALIDATED',
21 silly get     'cache-control': 'max-age=300',
21 silly get     'cf-ray': '4a1b8672e8f728e4-DXB',
21 silly get     etag: 'W/"39fbd3ae54fb9b9a939b41f564060eec"',
21 silly get     'expect-ct': 'max-age=604800, report-uri="https://report-uri.cloudflare.com/cdn-cgi/beacon/expect-ct"',
21 silly get     'last-modified': 'Sun, 27 May 2018 12:25:32 GMT',
21 silly get     vary: 'accept-encoding, accept',
21 silly get     server: 'cloudflare',
21 silly get     'content-encoding': 'gzip' } ]
22 verbose get saving plotly to C:\Users\FMukhtarif\AppData\Roaming\npm-cache\registry.npmjs.org\plotly\.cache.json
23 verbose correctMkdir C:\Users\FMukhtarif\AppData\Roaming\npm-cache correctMkdir not in flight; initializing
24 silly install normalizeTree
25 silly loadCurrentTree Finishing
26 silly loadIdealTree Starting
27 silly install loadIdealTree
28 silly cloneCurrentTree Starting
29 silly install cloneCurrentTreeToIdealTree
30 silly cloneCurrentTree Finishing
31 silly loadShrinkwrap Starting
32 silly install loadShrinkwrap
33 silly loadShrinkwrap Finishing
34 silly loadAllDepsIntoIdealTree Starting
35 silly install loadAllDepsIntoIdealTree
36 silly resolveWithNewModule plotly@1.0.6 checking installable status
37 silly cache add args [ 'plotly', null ]
38 verbose cache add spec plotly
39 silly cache add parsed spec Result {
39 silly cache add   raw: 'plotly',
39 silly cache add   scope: null,
39 silly cache add   escapedName: 'plotly',
39 silly cache add   name: 'plotly',
39 silly cache add   rawSpec: '',
39 silly cache add   spec: 'latest',
39 silly cache add   type: 'tag' }
40 silly addNamed plotly@latest
41 verbose addNamed "latest" is being treated as a dist-tag for plotly
42 info addNameTag [ 'plotly', 'latest' ]
43 silly mapToRegistry name plotly
44 silly mapToRegistry using default registry
45 silly mapToRegistry registry https://registry.npmjs.org/
46 silly mapToRegistry data Result {
46 silly mapToRegistry   raw: 'plotly',
46 silly mapToRegistry   scope: null,
46 silly mapToRegistry   escapedName: 'plotly',
46 silly mapToRegistry   name: 'plotly',
46 silly mapToRegistry   rawSpec: '',
46 silly mapToRegistry   spec: 'latest',
46 silly mapToRegistry   type: 'tag' }
47 silly mapToRegistry uri https://registry.npmjs.org/plotly
48 verbose addNameTag registry:https://registry.npmjs.org/plotly not in flight; fetching
49 verbose get https://registry.npmjs.org/plotly not expired, no request
50 silly addNameTag next cb for plotly with tag latest
51 silly addNamed plotly@1.0.6
52 verbose addNamed "1.0.6" is a plain semver version for plotly
53 silly mapToRegistry name plotly
54 silly mapToRegistry using default registry
55 silly mapToRegistry registry https://registry.npmjs.org/
56 silly mapToRegistry data Result {
56 silly mapToRegistry   raw: 'plotly',
56 silly mapToRegistry   scope: null,
56 silly mapToRegistry   escapedName: 'plotly',
56 silly mapToRegistry   name: 'plotly',
56 silly mapToRegistry   rawSpec: '',
56 silly mapToRegistry   spec: 'latest',
56 silly mapToRegistry   type: 'tag' }
57 silly mapToRegistry uri https://registry.npmjs.org/plotly
58 verbose addRemoteTarball https://registry.npmjs.org/plotly/-/plotly-1.0.6.tgz not in flight; adding
59 verbose addRemoteTarball [ 'https://registry.npmjs.org/plotly/-/plotly-1.0.6.tgz',
59 verbose addRemoteTarball   'b2672c3df88333625bdf684982d0e3f6521d7aaa' ]
60 info retry fetch attempt 1 at 2:34:20 PM
61 info attempt registry request try #1 at 2:34:20 PM
62 http fetch GET https://registry.npmjs.org/plotly/-/plotly-1.0.6.tgz
63 http fetch 200 https://registry.npmjs.org/plotly/-/plotly-1.0.6.tgz
64 silly fetchAndShaCheck shasum b2672c3df88333625bdf684982d0e3f6521d7aaa
65 verbose addTmpTarball C:\Users\FMUKHT~1\AppData\Local\Temp\npm-9088-56755524\registry.npmjs.org\plotly\-\plotly-1.0.6.tgz not in flight; adding
66 verbose addTmpTarball already have metadata; skipping unpack for plotly@1.0.6
67 verbose correctMkdir C:\Users\FMukhtarif\AppData\Roaming\npm-cache correctMkdir not in flight; initializing
68 silly cache afterAdd plotly@1.0.6
69 verbose afterAdd C:\Users\FMukhtarif\AppData\Roaming\npm-cache\plotly\1.0.6\package\package.json not in flight; writing
70 verbose correctMkdir C:\Users\FMukhtarif\AppData\Roaming\npm-cache correctMkdir not in flight; initializing
71 verbose afterAdd C:\Users\FMukhtarif\AppData\Roaming\npm-cache\plotly\1.0.6\package\package.json written
72 silly fetchNamedPackageData mkdirp
73 silly mapToRegistry name mkdirp
74 silly mapToRegistry using default registry
75 silly mapToRegistry registry https://registry.npmjs.org/
76 silly mapToRegistry data Result {
76 silly mapToRegistry   raw: 'mkdirp',
76 silly mapToRegistry   scope: null,
76 silly mapToRegistry   escapedName: 'mkdirp',
76 silly mapToRegistry   name: 'mkdirp',
76 silly mapToRegistry   rawSpec: '',
76 silly mapToRegistry   spec: 'latest',
76 silly mapToRegistry   type: 'tag' }
77 silly mapToRegistry uri https://registry.npmjs.org/mkdirp
78 verbose request uri https://registry.npmjs.org/mkdirp
79 verbose request no auth needed
80 info attempt registry request try #1 at 2:34:21 PM
81 verbose etag W/"f8c29a3140e6ba43dff83293e657bae5"
82 verbose lastModified Fri, 04 Jan 2019 19:49:14 GMT
83 http request GET https://registry.npmjs.org/mkdirp
84 http 200 https://registry.npmjs.org/mkdirp
85 verbose headers { date: 'Thu, 31 Jan 2019 10:34:21 GMT',
85 verbose headers   'content-type': 'application/json',
85 verbose headers   'transfer-encoding': 'chunked',
85 verbose headers   connection: 'keep-alive',
85 verbose headers   'set-cookie': [ '__cfduid=d75e078f895c17b056803bef14ff64ba81548930861; expires=Fri, 31-Jan-20 10:34:21 GMT; path=/; domain=.registry.npmjs.org; HttpOnly' ],
85 verbose headers   'cf-cache-status': 'HIT',
85 verbose headers   'cache-control': 'max-age=300',
85 verbose headers   'cf-ray': '4a1b867baac528e4-DXB',
85 verbose headers   etag: 'W/"ada8927dab30a8226171e5034ce7d53f"',
85 verbose headers   'expect-ct': 'max-age=604800, report-uri="https://report-uri.cloudflare.com/cdn-cgi/beacon/expect-ct"',
85 verbose headers   'last-modified': 'Wed, 16 Jan 2019 11:19:37 GMT',
85 verbose headers   vary: 'accept-encoding, accept',
85 verbose headers   'x-amz-meta-rev': '448-e1a5c993b3a3083c55fddbd11f2e3b03',
85 verbose headers   server: 'cloudflare',
85 verbose headers   'content-encoding': 'gzip' }
86 silly get cb [ 200,
86 silly get   { date: 'Thu, 31 Jan 2019 10:34:21 GMT',
86 silly get     'content-type': 'application/json',
86 silly get     'transfer-encoding': 'chunked',
86 silly get     connection: 'keep-alive',
86 silly get     'set-cookie': [ '__cfduid=d75e078f895c17b056803bef14ff64ba81548930861; expires=Fri, 31-Jan-20 10:34:21 GMT; path=/; domain=.registry.npmjs.org; HttpOnly' ],
86 silly get     'cf-cache-status': 'HIT',
86 silly get     'cache-control': 'max-age=300',
86 silly get     'cf-ray': '4a1b867baac528e4-DXB',
86 silly get     etag: 'W/"ada8927dab30a8226171e5034ce7d53f"',
86 silly get     'expect-ct': 'max-age=604800, report-uri="https://report-uri.cloudflare.com/cdn-cgi/beacon/expect-ct"',
86 silly get     'last-modified': 'Wed, 16 Jan 2019 11:19:37 GMT',
86 silly get     vary: 'accept-encoding, accept',
86 silly get     'x-amz-meta-rev': '448-e1a5c993b3a3083c55fddbd11f2e3b03',
86 silly get     server: 'cloudflare',
86 silly get     'content-encoding': 'gzip' } ]
87 verbose get saving mkdirp to C:\Users\FMukhtarif\AppData\Roaming\npm-cache\registry.npmjs.org\mkdirp\.cache.json
88 verbose correctMkdir C:\Users\FMukhtarif\AppData\Roaming\npm-cache correctMkdir not in flight; initializing
89 silly resolveWithNewModule mkdirp@0.5.1 checking installable status
90 silly cache add args [ 'mkdirp@~0.5.0', null ]
91 verbose cache add spec mkdirp@~0.5.0
92 silly cache add parsed spec Result {
92 silly cache add   raw: 'mkdirp@~0.5.0',
92 silly cache add   scope: null,
92 silly cache add   escapedName: 'mkdirp',
92 silly cache add   name: 'mkdirp',
92 silly cache add   rawSpec: '~0.5.0',
92 silly cache add   spec: '>=0.5.0 <0.6.0',
92 silly cache add   type: 'range' }
93 silly addNamed mkdirp@>=0.5.0 <0.6.0
94 verbose addNamed ">=0.5.0 <0.6.0" is a valid semver range for mkdirp
95 silly addNameRange { name: 'mkdirp', range: '>=0.5.0 <0.6.0', hasData: false }
96 silly mapToRegistry name mkdirp
97 silly mapToRegistry using default registry
98 silly mapToRegistry registry https://registry.npmjs.org/
99 silly mapToRegistry data Result {
99 silly mapToRegistry   raw: 'mkdirp',
99 silly mapToRegistry   scope: null,
99 silly mapToRegistry   escapedName: 'mkdirp',
99 silly mapToRegistry   name: 'mkdirp',
99 silly mapToRegistry   rawSpec: '',
99 silly mapToRegistry   spec: 'latest',
99 silly mapToRegistry   type: 'tag' }
100 silly mapToRegistry uri https://registry.npmjs.org/mkdirp
101 verbose addNameRange registry:https://registry.npmjs.org/mkdirp not in flight; fetching
102 verbose get https://registry.npmjs.org/mkdirp not expired, no request
103 silly addNameRange number 2 { name: 'mkdirp', range: '>=0.5.0 <0.6.0', hasData: true }
104 silly addNameRange versions [ 'mkdirp',
104 silly addNameRange   [ '0.0.1',
104 silly addNameRange     '0.0.2',
104 silly addNameRange     '0.0.3',
104 silly addNameRange     '0.0.4',
104 silly addNameRange     '0.0.5',
104 silly addNameRange     '0.0.6',
104 silly addNameRange     '0.0.7',
104 silly addNameRange     '0.1.0',
104 silly addNameRange     '0.2.0',
104 silly addNameRange     '0.2.1',
104 silly addNameRange     '0.2.2',
104 silly addNameRange     '0.3.0',
104 silly addNameRange     '0.3.1',
104 silly addNameRange     '0.3.2',
104 silly addNameRange     '0.3.3',
104 silly addNameRange     '0.3.4',
104 silly addNameRange     '0.3.5',
104 silly addNameRange     '0.4.0',
104 silly addNameRange     '0.4.1',
104 silly addNameRange     '0.4.2',
104 silly addNameRange     '0.5.0',
104 silly addNameRange     '0.5.1' ] ]
105 silly addNamed mkdirp@0.5.1
106 verbose addNamed "0.5.1" is a plain semver version for mkdirp
107 silly cache afterAdd mkdirp@0.5.1
108 verbose afterAdd C:\Users\FMukhtarif\AppData\Roaming\npm-cache\mkdirp\0.5.1\package\package.json not in flight; writing
109 verbose correctMkdir C:\Users\FMukhtarif\AppData\Roaming\npm-cache correctMkdir not in flight; initializing
110 verbose afterAdd C:\Users\FMukhtarif\AppData\Roaming\npm-cache\mkdirp\0.5.1\package\package.json written
111 silly fetchNamedPackageData minimist
112 silly mapToRegistry name minimist
113 silly mapToRegistry using default registry
114 silly mapToRegistry registry https://registry.npmjs.org/
115 silly mapToRegistry data Result {
115 silly mapToRegistry   raw: 'minimist',
115 silly mapToRegistry   scope: null,
115 silly mapToRegistry   escapedName: 'minimist',
115 silly mapToRegistry   name: 'minimist',
115 silly mapToRegistry   rawSpec: '',
115 silly mapToRegistry   spec: 'latest',
115 silly mapToRegistry   type: 'tag' }
116 silly mapToRegistry uri https://registry.npmjs.org/minimist
117 verbose request uri https://registry.npmjs.org/minimist
118 verbose request no auth needed
119 info attempt registry request try #1 at 2:34:21 PM
120 verbose etag W/"9dfbe33104f5b8b3939e22efda3e8529"
121 verbose lastModified Fri, 04 Jan 2019 19:41:42 GMT
122 http request GET https://registry.npmjs.org/minimist
123 http 304 https://registry.npmjs.org/minimist
124 verbose headers { date: 'Thu, 31 Jan 2019 10:34:21 GMT',
124 verbose headers   connection: 'keep-alive',
124 verbose headers   'set-cookie': [ '__cfduid=d75e078f895c17b056803bef14ff64ba81548930861; expires=Fri, 31-Jan-20 10:34:21 GMT; path=/; domain=.registry.npmjs.org; HttpOnly' ],
124 verbose headers   'cf-cache-status': 'HIT',
124 verbose headers   'cache-control': 'max-age=300',
124 verbose headers   'cf-ray': '4a1b867cacaf28e4-DXB',
124 verbose headers   etag: '"9dfbe33104f5b8b3939e22efda3e8529"',
124 verbose headers   'expect-ct': 'max-age=604800, report-uri="https://report-uri.cloudflare.com/cdn-cgi/beacon/expect-ct"',
124 verbose headers   'last-modified': 'Fri, 04 Jan 2019 19:41:42 GMT',
124 verbose headers   vary: 'accept-encoding, accept',
124 verbose headers   'x-amz-meta-rev': '553-2cf91eb33542937a55c888f7eadc2f1e',
124 verbose headers   server: 'cloudflare' }
125 silly get cb [ 304,
125 silly get   { date: 'Thu, 31 Jan 2019 10:34:21 GMT',
125 silly get     connection: 'keep-alive',
125 silly get     'set-cookie': [ '__cfduid=d75e078f895c17b056803bef14ff64ba81548930861; expires=Fri, 31-Jan-20 10:34:21 GMT; path=/; domain=.registry.npmjs.org; HttpOnly' ],
125 silly get     'cf-cache-status': 'HIT',
125 silly get     'cache-control': 'max-age=300',
125 silly get     'cf-ray': '4a1b867cacaf28e4-DXB',
125 silly get     etag: '"9dfbe33104f5b8b3939e22efda3e8529"',
125 silly get     'expect-ct': 'max-age=604800, report-uri="https://report-uri.cloudflare.com/cdn-cgi/beacon/expect-ct"',
125 silly get     'last-modified': 'Fri, 04 Jan 2019 19:41:42 GMT',
125 silly get     vary: 'accept-encoding, accept',
125 silly get     'x-amz-meta-rev': '553-2cf91eb33542937a55c888f7eadc2f1e',
125 silly get     server: 'cloudflare' } ]
126 verbose etag https://registry.npmjs.org/minimist from cache
127 verbose get saving minimist to C:\Users\FMukhtarif\AppData\Roaming\npm-cache\registry.npmjs.org\minimist\.cache.json
128 verbose correctMkdir C:\Users\FMukhtarif\AppData\Roaming\npm-cache correctMkdir not in flight; initializing
129 silly resolveWithNewModule minimist@0.0.8 checking installable status
130 silly cache add args [ 'minimist@0.0.8', null ]
131 verbose cache add spec minimist@0.0.8
132 silly cache add parsed spec Result {
132 silly cache add   raw: 'minimist@0.0.8',
132 silly cache add   scope: null,
132 silly cache add   escapedName: 'minimist',
132 silly cache add   name: 'minimist',
132 silly cache add   rawSpec: '0.0.8',
132 silly cache add   spec: '0.0.8',
132 silly cache add   type: 'version' }
133 silly addNamed minimist@0.0.8
134 verbose addNamed "0.0.8" is a plain semver version for minimist
135 silly mapToRegistry name minimist
136 silly mapToRegistry using default registry
137 silly mapToRegistry registry https://registry.npmjs.org/
138 silly mapToRegistry data Result {
138 silly mapToRegistry   raw: 'minimist',
138 silly mapToRegistry   scope: null,
138 silly mapToRegistry   escapedName: 'minimist',
138 silly mapToRegistry   name: 'minimist',
138 silly mapToRegistry   rawSpec: '',
138 silly mapToRegistry   spec: 'latest',
138 silly mapToRegistry   type: 'tag' }
139 silly mapToRegistry uri https://registry.npmjs.org/minimist
140 verbose addNameVersion registry:https://registry.npmjs.org/minimist not in flight; fetching
141 verbose get https://registry.npmjs.org/minimist not expired, no request
142 silly cache afterAdd minimist@0.0.8
143 verbose afterAdd C:\Users\FMukhtarif\AppData\Roaming\npm-cache\minimist\0.0.8\package\package.json not in flight; writing
144 verbose correctMkdir C:\Users\FMukhtarif\AppData\Roaming\npm-cache correctMkdir not in flight; initializing
145 verbose afterAdd C:\Users\FMukhtarif\AppData\Roaming\npm-cache\minimist\0.0.8\package\package.json written
146 silly loadAllDepsIntoIdealTree Finishing
147 silly loadIdealTree Finishing
148 silly currentTree timeseriesdb@1.0.0
148 silly currentTree +-- async@2.6.1
148 silly currentTree +-- bluebird@3.5.1
148 silly currentTree +-- bson@1.1.0
148 silly currentTree +-- debug@3.1.0
148 silly currentTree +-- kareem@2.3.0
148 silly currentTree +-- lodash@4.17.11
148 silly currentTree +-- memory-pager@1.5.0
148 silly currentTree +-- mongodb-core@3.1.11
148 silly currentTree +-- mongodb@3.1.12
148 silly currentTree +-- mongoose-legacy-pluralize@1.0.2
148 silly currentTree +-- mongoose@5.4.4
148 silly currentTree | +-- mongodb-core@3.1.9
148 silly currentTree | `-- mongodb@3.1.10
148 silly currentTree +-- mpath@0.5.1
148 silly currentTree +-- mquery@3.2.0
148 silly currentTree +-- ms@2.0.0
148 silly currentTree +-- os-utils@0.0.14
148 silly currentTree +-- regexp-clone@0.0.1
148 silly currentTree +-- require_optional@1.0.1
148 silly currentTree +-- resolve-from@2.0.0
148 silly currentTree +-- safe-buffer@5.1.2
148 silly currentTree +-- saslprep@1.0.2
148 silly currentTree +-- semver@5.6.0
148 silly currentTree +-- sliced@1.0.1
148 silly currentTree `-- sparse-bitfield@3.0.3
149 silly idealTree timeseriesdb@1.0.0
149 silly idealTree +-- async@2.6.1
149 silly idealTree +-- bluebird@3.5.1
149 silly idealTree +-- bson@1.1.0
149 silly idealTree +-- debug@3.1.0
149 silly idealTree +-- kareem@2.3.0
149 silly idealTree +-- lodash@4.17.11
149 silly idealTree +-- memory-pager@1.5.0
149 silly idealTree +-- minimist@0.0.8
149 silly idealTree +-- mkdirp@0.5.1
149 silly idealTree +-- mongodb-core@3.1.11
149 silly idealTree +-- mongodb@3.1.12
149 silly idealTree +-- mongoose-legacy-pluralize@1.0.2
149 silly idealTree +-- mongoose@5.4.4
149 silly idealTree | +-- mongodb-core@3.1.9
149 silly idealTree | `-- mongodb@3.1.10
149 silly idealTree +-- mpath@0.5.1
149 silly idealTree +-- mquery@3.2.0
149 silly idealTree +-- ms@2.0.0
149 silly idealTree +-- os-utils@0.0.14
149 silly idealTree +-- plotly@1.0.6
149 silly idealTree +-- regexp-clone@0.0.1
149 silly idealTree +-- require_optional@1.0.1
149 silly idealTree +-- resolve-from@2.0.0
149 silly idealTree +-- safe-buffer@5.1.2
149 silly idealTree +-- saslprep@1.0.2
149 silly idealTree +-- semver@5.6.0
149 silly idealTree +-- sliced@1.0.1
149 silly idealTree `-- sparse-bitfield@3.0.3
150 silly generateActionsToTake Starting
151 silly install generateActionsToTake
152 silly rollbackFailedOptional Starting
153 silly rollbackFailedOptional Finishing
154 silly runTopLevelLifecycles Finishing
155 silly install printInstalled
156 verbose stack Error: D:\Github\timeseriesdb\node_modules\os-utils: Appears to be a git repo or submodule.
156 verbose stack     at C:\Program Files\nodejs\node_modules\npm\node_modules\npm-install-checks\index.js:137:15
156 verbose stack     at C:\Program Files\nodejs\node_modules\npm\node_modules\graceful-fs\polyfills.js:267:18
156 verbose stack     at FSReqWrap.oncomplete (fs.js:111:15)
157 verbose cwd D:\Github\timeseriesdb
158 error Windows_NT 6.1.7601
159 error argv "C:\\Program Files\\nodejs\\node.exe" "C:\\Program Files\\nodejs\\node_modules\\npm\\bin\\npm-cli.js" "i" "plotly"
160 error node v7.2.1
161 error npm  v3.10.10
162 error path D:\Github\timeseriesdb\node_modules\os-utils
163 error code EISGIT
164 error git D:\Github\timeseriesdb\node_modules\os-utils: Appears to be a git repo or submodule.
165 error git D:\Github\timeseriesdb\node_modules\os-utils
166 error git Refusing to remove it. Update manually,
166 error git or move it out of the way first.
167 verbose exit [ 1, true ]
